  MetalPipe.cpp
C:\Users\Wesley\source\repos\MetalPipe\MetalPipe\MetalPipe.cpp(58,2): error C4235: nonstandard extension used: '__asm' keyword not supported on this architecture
C:\Users\Wesley\source\repos\MetalPipe\MetalPipe\MetalPipe.cpp(60,7): error C2065: 'ecx': undeclared identifier
C:\Users\Wesley\source\repos\MetalPipe\MetalPipe\MetalPipe.cpp(60,10): error C3192: syntax error: '^' is not a prefix operator (did you mean '*'?)
C:\Users\Wesley\source\repos\MetalPipe\MetalPipe\MetalPipe.cpp(60,12): error C2065: 'ecx': undeclared identifier
C:\Users\Wesley\source\repos\MetalPipe\MetalPipe\MetalPipe.cpp(61,3): error C2146: syntax error: missing ';' before identifier 'rdtsc'
C:\Users\Wesley\source\repos\MetalPipe\MetalPipe\MetalPipe.cpp(61,3): error C2065: 'rdtsc': undeclared identifier
C:\Users\Wesley\source\repos\MetalPipe\MetalPipe\MetalPipe.cpp(62,3): error C2146: syntax error: missing ';' before identifier 'mov'
C:\Users\Wesley\source\repos\MetalPipe\MetalPipe\MetalPipe.cpp(62,3): error C2065: 'mov': undeclared identifier
C:\Users\Wesley\source\repos\MetalPipe\MetalPipe\MetalPipe.cpp(62,8): error C2146: syntax error: missing ';' before identifier 'Start'
C:\Users\Wesley\source\repos\MetalPipe\MetalPipe\MetalPipe.cpp(62,23): error C2065: 'eax': undeclared identifier
C:\Users\Wesley\source\repos\MetalPipe\MetalPipe\MetalPipe.cpp(63,3): error C2146: syntax error: missing ';' before identifier 'mov'
C:\Users\Wesley\source\repos\MetalPipe\MetalPipe\MetalPipe.cpp(63,3): error C2065: 'mov': undeclared identifier
C:\Users\Wesley\source\repos\MetalPipe\MetalPipe\MetalPipe.cpp(63,8): error C2146: syntax error: missing ';' before identifier 'Start'
C:\Users\Wesley\source\repos\MetalPipe\MetalPipe\MetalPipe.cpp(63,24): error C2065: 'edx': undeclared identifier
C:\Users\Wesley\source\repos\MetalPipe\MetalPipe\MetalPipe.cpp(64,2): error C2143: syntax error: missing ';' before '}'
C:\Users\Wesley\source\repos\MetalPipe\MetalPipe\MetalPipe.cpp(66,2): error C4235: nonstandard extension used: '__asm' keyword not supported on this architecture
C:\Users\Wesley\source\repos\MetalPipe\MetalPipe\MetalPipe.cpp(68,7): error C2065: 'ecx': undeclared identifier
C:\Users\Wesley\source\repos\MetalPipe\MetalPipe\MetalPipe.cpp(68,10): error C3192: syntax error: '^' is not a prefix operator (did you mean '*'?)
C:\Users\Wesley\source\repos\MetalPipe\MetalPipe\MetalPipe.cpp(68,12): error C2065: 'ecx': undeclared identifier
C:\Users\Wesley\source\repos\MetalPipe\MetalPipe\MetalPipe.cpp(69,3): error C2146: syntax error: missing ';' before identifier 'rdtsc'
C:\Users\Wesley\source\repos\MetalPipe\MetalPipe\MetalPipe.cpp(69,3): error C2065: 'rdtsc': undeclared identifier
C:\Users\Wesley\source\repos\MetalPipe\MetalPipe\MetalPipe.cpp(70,3): error C2146: syntax error: missing ';' before identifier 'mov'
C:\Users\Wesley\source\repos\MetalPipe\MetalPipe\MetalPipe.cpp(70,3): error C2065: 'mov': undeclared identifier
C:\Users\Wesley\source\repos\MetalPipe\MetalPipe\MetalPipe.cpp(70,8): error C2146: syntax error: missing ';' before identifier 'End'
C:\Users\Wesley\source\repos\MetalPipe\MetalPipe\MetalPipe.cpp(70,21): error C2065: 'eax': undeclared identifier
C:\Users\Wesley\source\repos\MetalPipe\MetalPipe\MetalPipe.cpp(71,3): error C2146: syntax error: missing ';' before identifier 'mov'
C:\Users\Wesley\source\repos\MetalPipe\MetalPipe\MetalPipe.cpp(71,3): error C2065: 'mov': undeclared identifier
C:\Users\Wesley\source\repos\MetalPipe\MetalPipe\MetalPipe.cpp(71,8): error C2146: syntax error: missing ';' before identifier 'End'
C:\Users\Wesley\source\repos\MetalPipe\MetalPipe\MetalPipe.cpp(71,22): error C2065: 'edx': undeclared identifier
C:\Users\Wesley\source\repos\MetalPipe\MetalPipe\MetalPipe.cpp(72,2): error C2143: syntax error: missing ';' before '}'
